# JRE version: Java(TM) SE Runtime Environment (7.0_71-b14) (build 1.7.0_71-b14)
# Java VM: Java HotSpot(TM) 64-Bit Server VM (24.71-b01 mixed mode windows-amd64 compressed oops)
Heap
 PSYoungGen      total 303616K, used 240812K [0x00000000eaa80000, 0x0000000100000000, 0x0000000100000000)
  eden space 262656K, 91% used [0x00000000eaa80000,0x00000000f95ab328,0x00000000fab00000)
  from space 40960K, 0% used [0x00000000fd800000,0x00000000fd800000,0x0000000100000000)
  to   space 43520K, 0% used [0x00000000fab00000,0x00000000fab00000,0x00000000fd580000)
 ParOldGen       total 123904K, used 111534K [0x00000000c0000000, 0x00000000c7900000, 0x00000000eaa80000)
  object space 123904K, 90% used [0x00000000c0000000,0x00000000c6cebbc0,0x00000000c7900000)
 PSPermGen       total 128512K, used 101128K [0x00000000b0000000, 0x00000000b7d80000, 0x00000000c0000000)
  object space 128512K, 78% used [0x00000000b0000000,0x00000000b62c2158,0x00000000b7d80000)
GC Heap History (10 events):
Event: 504.957 GC heap before
{Heap before GC invocations=28 (full 5):
 PSYoungGen      total 310272K, used 32380K [0x00000000eaa80000, 0x0000000100000000, 0x0000000100000000)
  eden space 277504K, 0% used [0x00000000eaa80000,0x00000000eaa80000,0x00000000fb980000)
  from space 32768K, 98% used [0x00000000fb980000,0x00000000fd91f278,0x00000000fd980000)
  to   space 39424K, 0% used [0x00000000fd980000,0x00000000fd980000,0x0000000100000000)
 ParOldGen       total 123904K, used 70286K [0x00000000c0000000, 0x00000000c7900000, 0x00000000eaa80000)
  object space 123904K, 56% used [0x00000000c0000000,0x00000000c44a38e0,0x00000000c7900000)
 PSPermGen       total 110080K, used 78068K [0x00000000b0000000, 0x00000000b6b80000, 0x00000000c0000000)
  object space 110080K, 70% used [0x00000000b0000000,0x00000000b4c3d2d0,0x00000000b6b80000)
Event: 505.508 GC heap after
Heap after GC invocations=28 (full 5):
 PSYoungGen      total 310272K, used 0K [0x00000000eaa80000, 0x0000000100000000, 0x0000000100000000)
  eden space 277504K, 0% used [0x00000000eaa80000,0x00000000eaa80000,0x00000000fb980000)
  from space 32768K, 0% used [0x00000000fb980000,0x00000000fb980000,0x00000000fd980000)
  to   space 39424K, 0% used [0x00000000fd980000,0x00000000fd980000,0x0000000100000000)
 ParOldGen       total 123904K, used 91082K [0x00000000c0000000, 0x00000000c7900000, 0x00000000eaa80000)
  object space 123904K, 73% used [0x00000000c0000000,0x00000000c58f2828,0x00000000c7900000)
 PSPermGen       total 116224K, used 77990K [0x00000000b0000000, 0x00000000b7180000, 0x00000000c0000000)
  object space 116224K, 67% used [0x00000000b0000000,0x00000000b4c29970,0x00000000b7180000)
}
Event: 618.721 GC heap before
{Heap before GC invocations=29 (full 5):
 PSYoungGen      total 310272K, used 277504K [0x00000000eaa80000, 0x0000000100000000, 0x0000000100000000)
  eden space 277504K, 100% used [0x00000000eaa80000,0x00000000fb980000,0x00000000fb980000)
  from space 32768K, 0% used [0x00000000fb980000,0x00000000fb980000,0x00000000fd980000)
  to   space 39424K, 0% used [0x00000000fd980000,0x00000000fd980000,0x0000000100000000)
 ParOldGen       total 123904K, used 91082K [0x00000000c0000000, 0x00000000c7900000, 0x00000000eaa80000)
  object space 123904K, 73% used [0x00000000c0000000,0x00000000c58f2828,0x00000000c7900000)
 PSPermGen       total 116224K, used 84978K [0x00000000b0000000, 0x00000000b7180000, 0x00000000c0000000)
  object space 116224K, 73% used [0x00000000b0000000,0x00000000b52fcad8,0x00000000b7180000)
Event: 618.750 GC heap after
Heap after GC invocations=29 (full 5):
 PSYoungGen      total 311296K, used 18968K [0x00000000eaa80000, 0x0000000100000000, 0x0000000100000000)
  eden space 271872K, 0% used [0x00000000eaa80000,0x00000000eaa80000,0x00000000fb400000)
  from space 39424K, 48% used [0x00000000fd980000,0x00000000fec06318,0x0000000100000000)
  to   space 38400K, 0% used [0x00000000fb400000,0x00000000fb400000,0x00000000fd980000)
 ParOldGen       total 123904K, used 91082K [0x00000000c0000000, 0x00000000c7900000, 0x00000000eaa80000)
  object space 123904K, 73% used [0x00000000c0000000,0x00000000c58f2828,0x00000000c7900000)
 PSPermGen       total 116224K, used 84978K [0x00000000b0000000, 0x00000000b7180000, 0x00000000c0000000)
  object space 116224K, 73% used [0x00000000b0000000,0x00000000b52fcad8,0x00000000b7180000)
}
Event: 622.932 GC heap before
{Heap before GC invocations=30 (full 5):
 PSYoungGen      total 311296K, used 290840K [0x00000000eaa80000, 0x0000000100000000, 0x0000000100000000)
  eden space 271872K, 100% used [0x00000000eaa80000,0x00000000fb400000,0x00000000fb400000)
  from space 39424K, 48% used [0x00000000fd980000,0x00000000fec06318,0x0000000100000000)
  to   space 38400K, 0% used [0x00000000fb400000,0x00000000fb400000,0x00000000fd980000)
 ParOldGen       total 123904K, used 91082K [0x00000000c0000000, 0x00000000c7900000, 0x00000000eaa80000)
  object space 123904K, 73% used [0x00000000c0000000,0x00000000c58f2828,0x00000000c7900000)
 PSPermGen       total 116224K, used 91918K [0x00000000b0000000, 0x00000000b7180000, 0x00000000c0000000)
  object space 116224K, 79% used [0x00000000b0000000,0x00000000b59c3958,0x00000000b7180000)
Event: 622.964 GC heap after
Heap after GC invocations=30 (full 5):
 PSYoungGen      total 299520K, used 27233K [0x00000000eaa80000, 0x0000000100000000, 0x0000000100000000)
  eden space 271872K, 0% used [0x00000000eaa80000,0x00000000eaa80000,0x00000000fb400000)
  from space 27648K, 98% used [0x00000000fb400000,0x00000000fce98438,0x00000000fcf00000)
  to   space 40960K, 0% used [0x00000000fd800000,0x00000000fd800000,0x0000000100000000)
 ParOldGen       total 123904K, used 91082K [0x00000000c0000000, 0x00000000c7900000, 0x00000000eaa80000)
  object space 123904K, 73% used [0x00000000c0000000,0x00000000c58f2828,0x00000000c7900000)
 PSPermGen       total 116224K, used 91918K [0x00000000b0000000, 0x00000000b7180000, 0x00000000c0000000)
  object space 116224K, 79% used [0x00000000b0000000,0x00000000b59c3958,0x00000000b7180000)
}
Event: 643.469 GC heap before
{Heap before GC invocations=31 (full 5):
 PSYoungGen      total 299520K, used 155266K [0x00000000eaa80000, 0x0000000100000000, 0x0000000100000000)
  eden space 271872K, 47% used [0x00000000eaa80000,0x00000000f2788700,0x00000000fb400000)
  from space 27648K, 98% used [0x00000000fb400000,0x00000000fce98438,0x00000000fcf00000)
  to   space 40960K, 0% used [0x00000000fd800000,0x00000000fd800000,0x0000000100000000)
 ParOldGen       total 123904K, used 91082K [0x00000000c0000000, 0x00000000c7900000, 0x00000000eaa80000)
  object space 123904K, 73% used [0x00000000c0000000,0x00000000c58f2828,0x00000000c7900000)
 PSPermGen       total 116224K, used 94495K [0x00000000b0000000, 0x00000000b7180000, 0x00000000c0000000)
  object space 116224K, 81% used [0x00000000b0000000,0x00000000b5c47c18,0x00000000b7180000)
Event: 643.525 GC heap after
Heap after GC invocations=31 (full 5):
 PSYoungGen      total 303616K, used 30946K [0x00000000eaa80000, 0x0000000100000000, 0x0000000100000000)
  eden space 262656K, 0% used [0x00000000eaa80000,0x00000000eaa80000,0x00000000fab00000)
  from space 40960K, 75% used [0x00000000fd800000,0x00000000ff6389b0,0x0000000100000000)
  to   space 43520K, 0% used [0x00000000fab00000,0x00000000fab00000,0x00000000fd580000)
 ParOldGen       total 123904K, used 91082K [0x00000000c0000000, 0x00000000c7900000, 0x00000000eaa80000)
  object space 123904K, 73% used [0x00000000c0000000,0x00000000c58f2828,0x00000000c7900000)
 PSPermGen       total 116224K, used 94495K [0x00000000b0000000, 0x00000000b7180000, 0x00000000c0000000)
  object space 116224K, 81% used [0x00000000b0000000,0x00000000b5c47c18,0x00000000b7180000)
}
Event: 643.525 GC heap before
{Heap before GC invocations=32 (full 6):
 PSYoungGen      total 303616K, used 30946K [0x00000000eaa80000, 0x0000000100000000, 0x0000000100000000)
  eden space 262656K, 0% used [0x00000000eaa80000,0x00000000eaa80000,0x00000000fab00000)
  from space 40960K, 75% used [0x00000000fd800000,0x00000000ff6389b0,0x0000000100000000)
  to   space 43520K, 0% used [0x00000000fab00000,0x00000000fab00000,0x00000000fd580000)
 ParOldGen       total 123904K, used 91082K [0x00000000c0000000, 0x00000000c7900000, 0x00000000eaa80000)
  object space 123904K, 73% used [0x00000000c0000000,0x00000000c58f2828,0x00000000c7900000)
 PSPermGen       total 116224K, used 94495K [0x00000000b0000000, 0x00000000b7180000, 0x00000000c0000000)
  object space 116224K, 81% used [0x00000000b0000000,0x00000000b5c47c18,0x00000000b7180000)
Event: 644.846 GC heap after
Heap after GC invocations=32 (full 6):
 PSYoungGen      total 303616K, used 0K [0x00000000eaa80000, 0x0000000100000000, 0x0000000100000000)
  eden space 262656K, 0% used [0x00000000eaa80000,0x00000000eaa80000,0x00000000fab00000)
  from space 40960K, 0% used [0x00000000fd800000,0x00000000fd800000,0x0000000100000000)
  to   space 43520K, 0% used [0x00000000fab00000,0x00000000fab00000,0x00000000fd580000)
 ParOldGen       total 123904K, used 111534K [0x00000000c0000000, 0x00000000c7900000, 0x00000000eaa80000)
  object space 123904K, 90% used [0x00000000c0000000,0x00000000c6cebbc0,0x00000000c7900000)
 PSPermGen       total 128512K, used 94338K [0x00000000b0000000, 0x00000000b7d80000, 0x00000000c0000000)
  object space 128512K, 73% used [0x00000000b0000000,0x00000000b5c20ab8,0x00000000b7d80000)
}

