# JRE version: Java(TM) SE Runtime Environment (7.0_71-b14) (build 1.7.0_71-b14)
# Java VM: Java HotSpot(TM) 64-Bit Server VM (24.71-b01 mixed mode windows-amd64 compressed oops)
Heap
 PSYoungGen      total 186368K, used 153238K [0x00000000eaa80000, 0x00000000f9500000, 0x0000000100000000)
  eden space 162816K, 88% used [0x00000000eaa80000,0x00000000f369d968,0x00000000f4980000)
  from space 23552K, 41% used [0x00000000f4980000,0x00000000f5308070,0x00000000f6080000)
  to   space 22528K, 0% used [0x00000000f7f00000,0x00000000f7f00000,0x00000000f9500000)
 ParOldGen       total 79360K, used 36653K [0x00000000c0000000, 0x00000000c4d80000, 0x00000000eaa80000)
  object space 79360K, 46% used [0x00000000c0000000,0x00000000c23cb420,0x00000000c4d80000)
 PSPermGen       total 107008K, used 65438K [0x00000000b0000000, 0x00000000b6880000, 0x00000000c0000000)
  object space 107008K, 61% used [0x00000000b0000000,0x00000000b3fe7b30,0x00000000b6880000)
GC Heap History (10 events):
Event: 5491.207 GC heap before
{Heap before GC invocations=22 (full 2):
 PSYoungGen      total 157184K, used 150468K [0x00000000eaa80000, 0x00000000f7b80000, 0x0000000100000000)
  eden space 139264K, 95% used [0x00000000eaa80000,0x00000000f2bf1d60,0x00000000f3280000)
  from space 17920K, 99% used [0x00000000f6680000,0x00000000f77ff340,0x00000000f7800000)
  to   space 3584K, 0% used [0x00000000f7800000,0x00000000f7800000,0x00000000f7b80000)
 ParOldGen       total 79360K, used 42755K [0x00000000c0000000, 0x00000000c4d80000, 0x00000000eaa80000)
  object space 79360K, 53% used [0x00000000c0000000,0x00000000c29c0c80,0x00000000c4d80000)
 PSPermGen       total 104448K, used 56781K [0x00000000b0000000, 0x00000000b6600000, 0x00000000c0000000)
  object space 104448K, 54% used [0x00000000b0000000,0x00000000b37736e8,0x00000000b6600000)
Event: 5491.231 GC heap after
Heap after GC invocations=22 (full 2):
 PSYoungGen      total 142848K, used 3584K [0x00000000eaa80000, 0x00000000f7b80000, 0x0000000100000000)
  eden space 139264K, 0% used [0x00000000eaa80000,0x00000000eaa80000,0x00000000f3280000)
  from space 3584K, 100% used [0x00000000f7800000,0x00000000f7b80000,0x00000000f7b80000)
  to   space 25088K, 0% used [0x00000000f4a80000,0x00000000f4a80000,0x00000000f6300000)
 ParOldGen       total 79360K, used 58045K [0x00000000c0000000, 0x00000000c4d80000, 0x00000000eaa80000)
  object space 79360K, 73% used [0x00000000c0000000,0x00000000c38af6c8,0x00000000c4d80000)
 PSPermGen       total 104448K, used 56781K [0x00000000b0000000, 0x00000000b6600000, 0x00000000c0000000)
  object space 104448K, 54% used [0x00000000b0000000,0x00000000b37736e8,0x00000000b6600000)
}
Event: 5491.231 GC heap before
{Heap before GC invocations=23 (full 3):
 PSYoungGen      total 142848K, used 3584K [0x00000000eaa80000, 0x00000000f7b80000, 0x0000000100000000)
  eden space 139264K, 0% used [0x00000000eaa80000,0x00000000eaa80000,0x00000000f3280000)
  from space 3584K, 100% used [0x00000000f7800000,0x00000000f7b80000,0x00000000f7b80000)
  to   space 25088K, 0% used [0x00000000f4a80000,0x00000000f4a80000,0x00000000f6300000)
 ParOldGen       total 79360K, used 58045K [0x00000000c0000000, 0x00000000c4d80000, 0x00000000eaa80000)
  object space 79360K, 73% used [0x00000000c0000000,0x00000000c38af6c8,0x00000000c4d80000)
 PSPermGen       total 104448K, used 56781K [0x00000000b0000000, 0x00000000b6600000, 0x00000000c0000000)
  object space 104448K, 54% used [0x00000000b0000000,0x00000000b37736e8,0x00000000b6600000)
Event: 5491.629 GC heap after
Heap after GC invocations=23 (full 3):
 PSYoungGen      total 142848K, used 0K [0x00000000eaa80000, 0x00000000f7b80000, 0x0000000100000000)
  eden space 139264K, 0% used [0x00000000eaa80000,0x00000000eaa80000,0x00000000f3280000)
  from space 3584K, 0% used [0x00000000f7800000,0x00000000f7800000,0x00000000f7b80000)
  to   space 25088K, 0% used [0x00000000f4a80000,0x00000000f4a80000,0x00000000f6300000)
 ParOldGen       total 79360K, used 36653K [0x00000000c0000000, 0x00000000c4d80000, 0x00000000eaa80000)
  object space 79360K, 46% used [0x00000000c0000000,0x00000000c23cb420,0x00000000c4d80000)
 PSPermGen       total 107008K, used 56192K [0x00000000b0000000, 0x00000000b6880000, 0x00000000c0000000)
  object space 107008K, 52% used [0x00000000b0000000,0x00000000b36e02b0,0x00000000b6880000)
}
Event: 5987.203 GC heap before
{Heap before GC invocations=24 (full 3):
 PSYoungGen      total 142848K, used 139264K [0x00000000eaa80000, 0x00000000f7b80000, 0x0000000100000000)
  eden space 139264K, 100% used [0x00000000eaa80000,0x00000000f3280000,0x00000000f3280000)
  from space 3584K, 0% used [0x00000000f7800000,0x00000000f7800000,0x00000000f7b80000)
  to   space 25088K, 0% used [0x00000000f4a80000,0x00000000f4a80000,0x00000000f6300000)
 ParOldGen       total 79360K, used 36653K [0x00000000c0000000, 0x00000000c4d80000, 0x00000000eaa80000)
  object space 79360K, 46% used [0x00000000c0000000,0x00000000c23cb420,0x00000000c4d80000)
 PSPermGen       total 107008K, used 56516K [0x00000000b0000000, 0x00000000b6880000, 0x00000000c0000000)
  object space 107008K, 52% used [0x00000000b0000000,0x00000000b37310c0,0x00000000b6880000)
Event: 5987.213 GC heap after
Heap after GC invocations=24 (full 3):
 PSYoungGen      total 161792K, used 3296K [0x00000000eaa80000, 0x00000000f7880000, 0x0000000100000000)
  eden space 158208K, 0% used [0x00000000eaa80000,0x00000000eaa80000,0x00000000f4500000)
  from space 3584K, 91% used [0x00000000f4a80000,0x00000000f4db8020,0x00000000f4e00000)
  to   space 24576K, 0% used [0x00000000f6080000,0x00000000f6080000,0x00000000f7880000)
 ParOldGen       total 79360K, used 36653K [0x00000000c0000000, 0x00000000c4d80000, 0x00000000eaa80000)
  object space 79360K, 46% used [0x00000000c0000000,0x00000000c23cb420,0x00000000c4d80000)
 PSPermGen       total 107008K, used 56516K [0x00000000b0000000, 0x00000000b6880000, 0x00000000c0000000)
  object space 107008K, 52% used [0x00000000b0000000,0x00000000b37310c0,0x00000000b6880000)
}
Event: 5988.249 GC heap before
{Heap before GC invocations=25 (full 3):
 PSYoungGen      total 161792K, used 161504K [0x00000000eaa80000, 0x00000000f7880000, 0x0000000100000000)
  eden space 158208K, 100% used [0x00000000eaa80000,0x00000000f4500000,0x00000000f4500000)
  from space 3584K, 91% used [0x00000000f4a80000,0x00000000f4db8020,0x00000000f4e00000)
  to   space 24576K, 0% used [0x00000000f6080000,0x00000000f6080000,0x00000000f7880000)
 ParOldGen       total 79360K, used 36653K [0x00000000c0000000, 0x00000000c4d80000, 0x00000000eaa80000)
  object space 79360K, 46% used [0x00000000c0000000,0x00000000c23cb420,0x00000000c4d80000)
 PSPermGen       total 107008K, used 57562K [0x00000000b0000000, 0x00000000b6880000, 0x00000000c0000000)
  object space 107008K, 53% used [0x00000000b0000000,0x00000000b3836b18,0x00000000b6880000)
Event: 5988.261 GC heap after
Heap after GC invocations=25 (full 3):
 PSYoungGen      total 187392K, used 8156K [0x00000000eaa80000, 0x00000000f8b80000, 0x0000000100000000)
  eden space 162816K, 0% used [0x00000000eaa80000,0x00000000eaa80000,0x00000000f4980000)
  from space 24576K, 33% used [0x00000000f6080000,0x00000000f6877258,0x00000000f7880000)
  to   space 23552K, 0% used [0x00000000f4980000,0x00000000f4980000,0x00000000f6080000)
 ParOldGen       total 79360K, used 36653K [0x00000000c0000000, 0x00000000c4d80000, 0x00000000eaa80000)
  object space 79360K, 46% used [0x00000000c0000000,0x00000000c23cb420,0x00000000c4d80000)
 PSPermGen       total 107008K, used 57562K [0x00000000b0000000, 0x00000000b6880000, 0x00000000c0000000)
  object space 107008K, 53% used [0x00000000b0000000,0x00000000b3836b18,0x00000000b6880000)
}
Event: 5989.172 GC heap before
{Heap before GC invocations=26 (full 3):
 PSYoungGen      total 187392K, used 170972K [0x00000000eaa80000, 0x00000000f8b80000, 0x0000000100000000)
  eden space 162816K, 100% used [0x00000000eaa80000,0x00000000f4980000,0x00000000f4980000)
  from space 24576K, 33% used [0x00000000f6080000,0x00000000f6877258,0x00000000f7880000)
  to   space 23552K, 0% used [0x00000000f4980000,0x00000000f4980000,0x00000000f6080000)
 ParOldGen       total 79360K, used 36653K [0x00000000c0000000, 0x00000000c4d80000, 0x00000000eaa80000)
  object space 79360K, 46% used [0x00000000c0000000,0x00000000c23cb420,0x00000000c4d80000)
 PSPermGen       total 107008K, used 57701K [0x00000000b0000000, 0x00000000b6880000, 0x00000000c0000000)
  object space 107008K, 53% used [0x00000000b0000000,0x00000000b38596a0,0x00000000b6880000)
Event: 5989.192 GC heap after
Heap after GC invocations=26 (full 3):
 PSYoungGen      total 186368K, used 9760K [0x00000000eaa80000, 0x00000000f9500000, 0x0000000100000000)
  eden space 162816K, 0% used [0x00000000eaa80000,0x00000000eaa80000,0x00000000f4980000)
  from space 23552K, 41% used [0x00000000f4980000,0x00000000f5308070,0x00000000f6080000)
  to   space 22528K, 0% used [0x00000000f7f00000,0x00000000f7f00000,0x00000000f9500000)
 ParOldGen       total 79360K, used 36653K [0x00000000c0000000, 0x00000000c4d80000, 0x00000000eaa80000)
  object space 79360K, 46% used [0x00000000c0000000,0x00000000c23cb420,0x00000000c4d80000)
 PSPermGen       total 107008K, used 57701K [0x00000000b0000000, 0x00000000b6880000, 0x00000000c0000000)
  object space 107008K, 53% used [0x00000000b0000000,0x00000000b38596a0,0x00000000b6880000)
}

