# JRE version: Java(TM) SE Runtime Environment (7.0_71-b14) (build 1.7.0_71-b14)
# Java VM: Java HotSpot(TM) 64-Bit Server VM (24.71-b01 mixed mode windows-amd64 compressed oops)
Heap
 PSYoungGen      total 300032K, used 206316K [0x00000000eaa80000, 0x0000000100000000, 0x0000000100000000)
  eden space 253440K, 75% used [0x00000000eaa80000,0x00000000f6607af8,0x00000000fa200000)
  from space 46592K, 30% used [0x00000000fcf80000,0x00000000fdd737e0,0x00000000ffd00000)
  to   space 46592K, 0% used [0x00000000fa200000,0x00000000fa200000,0x00000000fcf80000)
 ParOldGen       total 217600K, used 125376K [0x00000000c0000000, 0x00000000cd480000, 0x00000000eaa80000)
  object space 217600K, 57% used [0x00000000c0000000,0x00000000c7a70048,0x00000000cd480000)
 PSPermGen       total 218112K, used 205782K [0x00000000b0000000, 0x00000000bd500000, 0x00000000c0000000)
  object space 218112K, 94% used [0x00000000b0000000,0x00000000bc8f5bc8,0x00000000bd500000)
GC Heap History (10 events):
Event: 24170.810 GC heap before
{Heap before GC invocations=113 (full 30):
 PSYoungGen      total 294912K, used 26701K [0x00000000eaa80000, 0x0000000100000000, 0x0000000100000000)
  eden space 245760K, 0% used [0x00000000eaa80000,0x00000000eaa80000,0x00000000f9a80000)
  from space 49152K, 54% used [0x00000000f9a80000,0x00000000fb4935f0,0x00000000fca80000)
  to   space 47104K, 0% used [0x00000000fd200000,0x00000000fd200000,0x0000000100000000)
 ParOldGen       total 217600K, used 80806K [0x00000000c0000000, 0x00000000cd480000, 0x00000000eaa80000)
  object space 217600K, 37% used [0x00000000c0000000,0x00000000c4ee99c0,0x00000000cd480000)
 PSPermGen       total 196096K, used 183992K [0x00000000b0000000, 0x00000000bbf80000, 0x00000000c0000000)
  object space 196096K, 93% used [0x00000000b0000000,0x00000000bb3ae0c0,0x00000000bbf80000)
Event: 24171.903 GC heap after
Heap after GC invocations=113 (full 30):
 PSYoungGen      total 294912K, used 0K [0x00000000eaa80000, 0x0000000100000000, 0x0000000100000000)
  eden space 245760K, 0% used [0x00000000eaa80000,0x00000000eaa80000,0x00000000f9a80000)
  from space 49152K, 0% used [0x00000000f9a80000,0x00000000f9a80000,0x00000000fca80000)
  to   space 47104K, 0% used [0x00000000fd200000,0x00000000fd200000,0x0000000100000000)
 ParOldGen       total 217600K, used 104430K [0x00000000c0000000, 0x00000000cd480000, 0x00000000eaa80000)
  object space 217600K, 47% used [0x00000000c0000000,0x00000000c65fb930,0x00000000cd480000)
 PSPermGen       total 210432K, used 183913K [0x00000000b0000000, 0x00000000bcd80000, 0x00000000c0000000)
  object space 210432K, 87% used [0x00000000b0000000,0x00000000bb39a6c8,0x00000000bcd80000)
}
Event: 24283.442 GC heap before
{Heap before GC invocations=114 (full 30):
 PSYoungGen      total 294912K, used 245760K [0x00000000eaa80000, 0x0000000100000000, 0x0000000100000000)
  eden space 245760K, 100% used [0x00000000eaa80000,0x00000000f9a80000,0x00000000f9a80000)
  from space 49152K, 0% used [0x00000000f9a80000,0x00000000f9a80000,0x00000000fca80000)
  to   space 47104K, 0% used [0x00000000fd200000,0x00000000fd200000,0x0000000100000000)
 ParOldGen       total 217600K, used 104430K [0x00000000c0000000, 0x00000000cd480000, 0x00000000eaa80000)
  object space 217600K, 47% used [0x00000000c0000000,0x00000000c65fb930,0x00000000cd480000)
 PSPermGen       total 210432K, used 184467K [0x00000000b0000000, 0x00000000bcd80000, 0x00000000c0000000)
  object space 210432K, 87% used [0x00000000b0000000,0x00000000bb424e20,0x00000000bcd80000)
Event: 24283.459 GC heap after
Heap after GC invocations=114 (full 30):
 PSYoungGen      total 299520K, used 7648K [0x00000000eaa80000, 0x0000000100000000, 0x0000000100000000)
  eden space 252416K, 0% used [0x00000000eaa80000,0x00000000eaa80000,0x00000000fa100000)
  from space 47104K, 16% used [0x00000000fd200000,0x00000000fd978030,0x0000000100000000)
  to   space 48640K, 0% used [0x00000000fa100000,0x00000000fa100000,0x00000000fd080000)
 ParOldGen       total 217600K, used 104430K [0x00000000c0000000, 0x00000000cd480000, 0x00000000eaa80000)
  object space 217600K, 47% used [0x00000000c0000000,0x00000000c65fb930,0x00000000cd480000)
 PSPermGen       total 210432K, used 184467K [0x00000000b0000000, 0x00000000bcd80000, 0x00000000c0000000)
  object space 210432K, 87% used [0x00000000b0000000,0x00000000bb424e20,0x00000000bcd80000)
}
Event: 24296.044 GC heap before
{Heap before GC invocations=115 (full 30):
 PSYoungGen      total 299520K, used 194995K [0x00000000eaa80000, 0x0000000100000000, 0x0000000100000000)
  eden space 252416K, 74% used [0x00000000eaa80000,0x00000000f6174fc0,0x00000000fa100000)
  from space 47104K, 16% used [0x00000000fd200000,0x00000000fd978030,0x0000000100000000)
  to   space 48640K, 0% used [0x00000000fa100000,0x00000000fa100000,0x00000000fd080000)
 ParOldGen       total 217600K, used 104430K [0x00000000c0000000, 0x00000000cd480000, 0x00000000eaa80000)
  object space 217600K, 47% used [0x00000000c0000000,0x00000000c65fb930,0x00000000cd480000)
 PSPermGen       total 210432K, used 192787K [0x00000000b0000000, 0x00000000bcd80000, 0x00000000c0000000)
  object space 210432K, 91% used [0x00000000b0000000,0x00000000bbc44e88,0x00000000bcd80000)
Event: 24296.087 GC heap after
Heap after GC invocations=115 (full 30):
 PSYoungGen      total 277504K, used 24881K [0x00000000eaa80000, 0x00000000ffd00000, 0x0000000100000000)
  eden space 252416K, 0% used [0x00000000eaa80000,0x00000000eaa80000,0x00000000fa100000)
  from space 25088K, 99% used [0x00000000fa100000,0x00000000fb94c580,0x00000000fb980000)
  to   space 46592K, 0% used [0x00000000fcf80000,0x00000000fcf80000,0x00000000ffd00000)
 ParOldGen       total 217600K, used 104430K [0x00000000c0000000, 0x00000000cd480000, 0x00000000eaa80000)
  object space 217600K, 47% used [0x00000000c0000000,0x00000000c65fb930,0x00000000cd480000)
 PSPermGen       total 210432K, used 192787K [0x00000000b0000000, 0x00000000bcd80000, 0x00000000c0000000)
  object space 210432K, 91% used [0x00000000b0000000,0x00000000bbc44e88,0x00000000bcd80000)
}
Event: 24296.087 GC heap before
{Heap before GC invocations=116 (full 31):
 PSYoungGen      total 277504K, used 24881K [0x00000000eaa80000, 0x00000000ffd00000, 0x0000000100000000)
  eden space 252416K, 0% used [0x00000000eaa80000,0x00000000eaa80000,0x00000000fa100000)
  from space 25088K, 99% used [0x00000000fa100000,0x00000000fb94c580,0x00000000fb980000)
  to   space 46592K, 0% used [0x00000000fcf80000,0x00000000fcf80000,0x00000000ffd00000)
 ParOldGen       total 217600K, used 104430K [0x00000000c0000000, 0x00000000cd480000, 0x00000000eaa80000)
  object space 217600K, 47% used [0x00000000c0000000,0x00000000c65fb930,0x00000000cd480000)
 PSPermGen       total 210432K, used 192787K [0x00000000b0000000, 0x00000000bcd80000, 0x00000000c0000000)
  object space 210432K, 91% used [0x00000000b0000000,0x00000000bbc44e88,0x00000000bcd80000)
Event: 24297.609 GC heap after
Heap after GC invocations=116 (full 31):
 PSYoungGen      total 277504K, used 0K [0x00000000eaa80000, 0x00000000ffd00000, 0x0000000100000000)
  eden space 252416K, 0% used [0x00000000eaa80000,0x00000000eaa80000,0x00000000fa100000)
  from space 25088K, 0% used [0x00000000fa100000,0x00000000fa100000,0x00000000fb980000)
  to   space 46592K, 0% used [0x00000000fcf80000,0x00000000fcf80000,0x00000000ffd00000)
 ParOldGen       total 217600K, used 125376K [0x00000000c0000000, 0x00000000cd480000, 0x00000000eaa80000)
  object space 217600K, 57% used [0x00000000c0000000,0x00000000c7a70048,0x00000000cd480000)
 PSPermGen       total 218112K, used 192662K [0x00000000b0000000, 0x00000000bd500000, 0x00000000c0000000)
  object space 218112K, 88% used [0x00000000b0000000,0x00000000bbc25a00,0x00000000bd500000)
}
Event: 24356.934 GC heap before
{Heap before GC invocations=117 (full 31):
 PSYoungGen      total 277504K, used 252416K [0x00000000eaa80000, 0x00000000ffd00000, 0x0000000100000000)
  eden space 252416K, 100% used [0x00000000eaa80000,0x00000000fa100000,0x00000000fa100000)
  from space 25088K, 0% used [0x00000000fa100000,0x00000000fa100000,0x00000000fb980000)
  to   space 46592K, 0% used [0x00000000fcf80000,0x00000000fcf80000,0x00000000ffd00000)
 ParOldGen       total 217600K, used 125376K [0x00000000c0000000, 0x00000000cd480000, 0x00000000eaa80000)
  object space 217600K, 57% used [0x00000000c0000000,0x00000000c7a70048,0x00000000cd480000)
 PSPermGen       total 218112K, used 199219K [0x00000000b0000000, 0x00000000bd500000, 0x00000000c0000000)
  object space 218112K, 91% used [0x00000000b0000000,0x00000000bc28cdd8,0x00000000bd500000)
Event: 24356.954 GC heap after
Heap after GC invocations=117 (full 31):
 PSYoungGen      total 300032K, used 14285K [0x00000000eaa80000, 0x0000000100000000, 0x0000000100000000)
  eden space 253440K, 0% used [0x00000000eaa80000,0x00000000eaa80000,0x00000000fa200000)
  from space 46592K, 30% used [0x00000000fcf80000,0x00000000fdd737e0,0x00000000ffd00000)
  to   space 46592K, 0% used [0x00000000fa200000,0x00000000fa200000,0x00000000fcf80000)
 ParOldGen       total 217600K, used 125376K [0x00000000c0000000, 0x00000000cd480000, 0x00000000eaa80000)
  object space 217600K, 57% used [0x00000000c0000000,0x00000000c7a70048,0x00000000cd480000)
 PSPermGen       total 218112K, used 199219K [0x00000000b0000000, 0x00000000bd500000, 0x00000000c0000000)
  object space 218112K, 91% used [0x00000000b0000000,0x00000000bc28cdd8,0x00000000bd500000)
}

