# JRE version: Java(TM) SE Runtime Environment (7.0_71-b14) (build 1.7.0_71-b14)
# Java VM: Java HotSpot(TM) 64-Bit Server VM (24.71-b01 mixed mode windows-amd64 compressed oops)
Heap
 PSYoungGen      total 298496K, used 101117K [0x00000000eaa80000, 0x0000000100000000, 0x0000000100000000)
  eden space 248320K, 36% used [0x00000000eaa80000,0x00000000f03e4178,0x00000000f9d00000)
  from space 50176K, 19% used [0x00000000fcf00000,0x00000000fd85b288,0x0000000100000000)
  to   space 50688K, 0% used [0x00000000f9d00000,0x00000000f9d00000,0x00000000fce80000)
 ParOldGen       total 239104K, used 135579K [0x00000000c0000000, 0x00000000ce980000, 0x00000000eaa80000)
  object space 239104K, 56% used [0x00000000c0000000,0x00000000c8466d50,0x00000000ce980000)
 PSPermGen       total 229888K, used 212030K [0x00000000b0000000, 0x00000000be080000, 0x00000000c0000000)
  object space 229888K, 92% used [0x00000000b0000000,0x00000000bcf0f898,0x00000000be080000)
GC Heap History (10 events):
Event: 11230.714 GC heap before
{Heap before GC invocations=145 (full 38):
 PSYoungGen      total 296960K, used 280683K [0x00000000eaa80000, 0x00000000ffb80000, 0x0000000100000000)
  eden space 249856K, 100% used [0x00000000eaa80000,0x00000000f9e80000,0x00000000f9e80000)
  from space 47104K, 65% used [0x00000000fcd80000,0x00000000feb9af28,0x00000000ffb80000)
  to   space 47616K, 0% used [0x00000000f9e80000,0x00000000f9e80000,0x00000000fcd00000)
 ParOldGen       total 239104K, used 139941K [0x00000000c0000000, 0x00000000ce980000, 0x00000000eaa80000)
  object space 239104K, 58% used [0x00000000c0000000,0x00000000c88a9708,0x00000000ce980000)
 PSPermGen       total 210432K, used 201199K [0x00000000b0000000, 0x00000000bcd80000, 0x00000000c0000000)
  object space 210432K, 95% used [0x00000000b0000000,0x00000000bc47bfe8,0x00000000bcd80000)
Event: 11230.756 GC heap after
Heap after GC invocations=145 (full 38):
 PSYoungGen      total 297472K, used 33319K [0x00000000eaa80000, 0x00000000ffc00000, 0x0000000100000000)
  eden space 249856K, 0% used [0x00000000eaa80000,0x00000000eaa80000,0x00000000f9e80000)
  from space 47616K, 69% used [0x00000000f9e80000,0x00000000fbf09e70,0x00000000fcd00000)
  to   space 47616K, 0% used [0x00000000fcd80000,0x00000000fcd80000,0x00000000ffc00000)
 ParOldGen       total 239104K, used 139941K [0x00000000c0000000, 0x00000000ce980000, 0x00000000eaa80000)
  object space 239104K, 58% used [0x00000000c0000000,0x00000000c88a9708,0x00000000ce980000)
 PSPermGen       total 210432K, used 201199K [0x00000000b0000000, 0x00000000bcd80000, 0x00000000c0000000)
  object space 210432K, 95% used [0x00000000b0000000,0x00000000bc47bfe8,0x00000000bcd80000)
}
Event: 11235.744 GC heap before
{Heap before GC invocations=146 (full 38):
 PSYoungGen      total 297472K, used 210759K [0x00000000eaa80000, 0x00000000ffc00000, 0x0000000100000000)
  eden space 249856K, 71% used [0x00000000eaa80000,0x00000000f57c7f28,0x00000000f9e80000)
  from space 47616K, 69% used [0x00000000f9e80000,0x00000000fbf09e70,0x00000000fcd00000)
  to   space 47616K, 0% used [0x00000000fcd80000,0x00000000fcd80000,0x00000000ffc00000)
 ParOldGen       total 239104K, used 139941K [0x00000000c0000000, 0x00000000ce980000, 0x00000000eaa80000)
  object space 239104K, 58% used [0x00000000c0000000,0x00000000c88a9708,0x00000000ce980000)
 PSPermGen       total 210432K, used 203912K [0x00000000b0000000, 0x00000000bcd80000, 0x00000000c0000000)
  object space 210432K, 96% used [0x00000000b0000000,0x00000000bc722308,0x00000000bcd80000)
Event: 11235.816 GC heap after
Heap after GC invocations=146 (full 38):
 PSYoungGen      total 296960K, used 33662K [0x00000000eaa80000, 0x00000000ffb00000, 0x0000000100000000)
  eden space 250368K, 0% used [0x00000000eaa80000,0x00000000eaa80000,0x00000000f9f00000)
  from space 46592K, 72% used [0x00000000fcd80000,0x00000000fee5f990,0x00000000ffb00000)
  to   space 47104K, 0% used [0x00000000f9f00000,0x00000000f9f00000,0x00000000fcd00000)
 ParOldGen       total 239104K, used 139949K [0x00000000c0000000, 0x00000000ce980000, 0x00000000eaa80000)
  object space 239104K, 58% used [0x00000000c0000000,0x00000000c88ab708,0x00000000ce980000)
 PSPermGen       total 210432K, used 203912K [0x00000000b0000000, 0x00000000bcd80000, 0x00000000c0000000)
  object space 210432K, 96% used [0x00000000b0000000,0x00000000bc722308,0x00000000bcd80000)
}
Event: 11235.816 GC heap before
{Heap before GC invocations=147 (full 39):
 PSYoungGen      total 296960K, used 33662K [0x00000000eaa80000, 0x00000000ffb00000, 0x0000000100000000)
  eden space 250368K, 0% used [0x00000000eaa80000,0x00000000eaa80000,0x00000000f9f00000)
  from space 46592K, 72% used [0x00000000fcd80000,0x00000000fee5f990,0x00000000ffb00000)
  to   space 47104K, 0% used [0x00000000f9f00000,0x00000000f9f00000,0x00000000fcd00000)
 ParOldGen       total 239104K, used 139949K [0x00000000c0000000, 0x00000000ce980000, 0x00000000eaa80000)
  object space 239104K, 58% used [0x00000000c0000000,0x00000000c88ab708,0x00000000ce980000)
 PSPermGen       total 210432K, used 203912K [0x00000000b0000000, 0x00000000bcd80000, 0x00000000c0000000)
  object space 210432K, 96% used [0x00000000b0000000,0x00000000bc722308,0x00000000bcd80000)
Event: 11236.760 GC heap after
Heap after GC invocations=147 (full 39):
 PSYoungGen      total 296960K, used 0K [0x00000000eaa80000, 0x00000000ffb00000, 0x0000000100000000)
  eden space 250368K, 0% used [0x00000000eaa80000,0x00000000eaa80000,0x00000000f9f00000)
  from space 46592K, 0% used [0x00000000fcd80000,0x00000000fcd80000,0x00000000ffb00000)
  to   space 47104K, 0% used [0x00000000f9f00000,0x00000000f9f00000,0x00000000fcd00000)
 ParOldGen       total 239104K, used 135579K [0x00000000c0000000, 0x00000000ce980000, 0x00000000eaa80000)
  object space 239104K, 56% used [0x00000000c0000000,0x00000000c8466d50,0x00000000ce980000)
 PSPermGen       total 229888K, used 203025K [0x00000000b0000000, 0x00000000be080000, 0x00000000c0000000)
  object space 229888K, 88% used [0x00000000b0000000,0x00000000bc644460,0x00000000be080000)
}
Event: 11442.636 GC heap before
{Heap before GC invocations=148 (full 39):
 PSYoungGen      total 296960K, used 250368K [0x00000000eaa80000, 0x00000000ffb00000, 0x0000000100000000)
  eden space 250368K, 100% used [0x00000000eaa80000,0x00000000f9f00000,0x00000000f9f00000)
  from space 46592K, 0% used [0x00000000fcd80000,0x00000000fcd80000,0x00000000ffb00000)
  to   space 47104K, 0% used [0x00000000f9f00000,0x00000000f9f00000,0x00000000fcd00000)
 ParOldGen       total 239104K, used 135579K [0x00000000c0000000, 0x00000000ce980000, 0x00000000eaa80000)
  object space 239104K, 56% used [0x00000000c0000000,0x00000000c8466d50,0x00000000ce980000)
 PSPermGen       total 229888K, used 203374K [0x00000000b0000000, 0x00000000be080000, 0x00000000c0000000)
  object space 229888K, 88% used [0x00000000b0000000,0x00000000bc69bb50,0x00000000be080000)
Event: 11442.650 GC heap after
Heap after GC invocations=148 (full 39):
 PSYoungGen      total 297472K, used 3056K [0x00000000eaa80000, 0x0000000100000000, 0x0000000100000000)
  eden space 250368K, 0% used [0x00000000eaa80000,0x00000000eaa80000,0x00000000f9f00000)
  from space 47104K, 6% used [0x00000000f9f00000,0x00000000fa1fc020,0x00000000fcd00000)
  to   space 50176K, 0% used [0x00000000fcf00000,0x00000000fcf00000,0x0000000100000000)
 ParOldGen       total 239104K, used 135579K [0x00000000c0000000, 0x00000000ce980000, 0x00000000eaa80000)
  object space 239104K, 56% used [0x00000000c0000000,0x00000000c8466d50,0x00000000ce980000)
 PSPermGen       total 229888K, used 203374K [0x00000000b0000000, 0x00000000be080000, 0x00000000c0000000)
  object space 229888K, 88% used [0x00000000b0000000,0x00000000bc69bb50,0x00000000be080000)
}
Event: 11445.160 GC heap before
{Heap before GC invocations=149 (full 39):
 PSYoungGen      total 297472K, used 253424K [0x00000000eaa80000, 0x0000000100000000, 0x0000000100000000)
  eden space 250368K, 100% used [0x00000000eaa80000,0x00000000f9f00000,0x00000000f9f00000)
  from space 47104K, 6% used [0x00000000f9f00000,0x00000000fa1fc020,0x00000000fcd00000)
  to   space 50176K, 0% used [0x00000000fcf00000,0x00000000fcf00000,0x0000000100000000)
 ParOldGen       total 239104K, used 135579K [0x00000000c0000000, 0x00000000ce980000, 0x00000000eaa80000)
  object space 239104K, 56% used [0x00000000c0000000,0x00000000c8466d50,0x00000000ce980000)
 PSPermGen       total 229888K, used 204566K [0x00000000b0000000, 0x00000000be080000, 0x00000000c0000000)
  object space 229888K, 88% used [0x00000000b0000000,0x00000000bc7c5970,0x00000000be080000)
Event: 11445.180 GC heap after
Heap after GC invocations=149 (full 39):
 PSYoungGen      total 298496K, used 9580K [0x00000000eaa80000, 0x0000000100000000, 0x0000000100000000)
  eden space 248320K, 0% used [0x00000000eaa80000,0x00000000eaa80000,0x00000000f9d00000)
  from space 50176K, 19% used [0x00000000fcf00000,0x00000000fd85b288,0x0000000100000000)
  to   space 50688K, 0% used [0x00000000f9d00000,0x00000000f9d00000,0x00000000fce80000)
 ParOldGen       total 239104K, used 135579K [0x00000000c0000000, 0x00000000ce980000, 0x00000000eaa80000)
  object space 239104K, 56% used [0x00000000c0000000,0x00000000c8466d50,0x00000000ce980000)
 PSPermGen       total 229888K, used 204566K [0x00000000b0000000, 0x00000000be080000, 0x00000000c0000000)
  object space 229888K, 88% used [0x00000000b0000000,0x00000000bc7c5970,0x00000000be080000)
}

