# JRE version: Java(TM) SE Runtime Environment (7.0_71-b14) (build 1.7.0_71-b14)
# Java VM: Java HotSpot(TM) 64-Bit Server VM (24.71-b01 mixed mode windows-amd64 compressed oops)
Heap
 PSYoungGen      total 210432K, used 180817K [0x00000000eaa80000, 0x00000000ffd80000, 0x0000000100000000)
  eden space 201216K, 85% used [0x00000000eaa80000,0x00000000f52754b8,0x00000000f6f00000)
  from space 9216K, 95% used [0x00000000f6f00000,0x00000000f779f278,0x00000000f7800000)
  to   space 72704K, 0% used [0x00000000fb680000,0x00000000fb680000,0x00000000ffd80000)
 ParOldGen       total 140288K, used 85193K [0x00000000c0000000, 0x00000000c8900000, 0x00000000eaa80000)
  object space 140288K, 60% used [0x00000000c0000000,0x00000000c5332650,0x00000000c8900000)
 PSPermGen       total 125952K, used 94105K [0x00000000b0000000, 0x00000000b7b00000, 0x00000000c0000000)
  object space 125952K, 74% used [0x00000000b0000000,0x00000000b5be6700,0x00000000b7b00000)
GC Heap History (10 events):
Event: 1475.163 GC heap before
{Heap before GC invocations=33 (full 5):
 PSYoungGen      total 291328K, used 291241K [0x00000000eaa80000, 0x0000000100000000, 0x0000000100000000)
  eden space 251392K, 100% used [0x00000000eaa80000,0x00000000fa000000,0x00000000fa000000)
  from space 39936K, 99% used [0x00000000fa000000,0x00000000fc6ea5a8,0x00000000fc700000)
  to   space 53248K, 0% used [0x00000000fcc00000,0x00000000fcc00000,0x0000000100000000)
 ParOldGen       total 140288K, used 47139K [0x00000000c0000000, 0x00000000c8900000, 0x00000000eaa80000)
  object space 140288K, 33% used [0x00000000c0000000,0x00000000c2e08ff8,0x00000000c8900000)
 PSPermGen       total 94208K, used 84222K [0x00000000b0000000, 0x00000000b5c00000, 0x00000000c0000000)
  object space 94208K, 89% used [0x00000000b0000000,0x00000000b523f830,0x00000000b5c00000)
Event: 1475.239 GC heap after
Heap after GC invocations=33 (full 5):
 PSYoungGen      total 269824K, used 53244K [0x00000000eaa80000, 0x0000000100000000, 0x0000000100000000)
  eden space 216576K, 0% used [0x00000000eaa80000,0x00000000eaa80000,0x00000000f7e00000)
  from space 53248K, 99% used [0x00000000fcc00000,0x00000000fffff278,0x0000000100000000)
  to   space 66560K, 0% used [0x00000000f7e00000,0x00000000f7e00000,0x00000000fbf00000)
 ParOldGen       total 140288K, used 60696K [0x00000000c0000000, 0x00000000c8900000, 0x00000000eaa80000)
  object space 140288K, 43% used [0x00000000c0000000,0x00000000c3b460b0,0x00000000c8900000)
 PSPermGen       total 94208K, used 84222K [0x00000000b0000000, 0x00000000b5c00000, 0x00000000c0000000)
  object space 94208K, 89% used [0x00000000b0000000,0x00000000b523f830,0x00000000b5c00000)
}
Event: 1485.641 GC heap before
{Heap before GC invocations=34 (full 5):
 PSYoungGen      total 269824K, used 137112K [0x00000000eaa80000, 0x0000000100000000, 0x0000000100000000)
  eden space 216576K, 38% used [0x00000000eaa80000,0x00000000efc66fb0,0x00000000f7e00000)
  from space 53248K, 99% used [0x00000000fcc00000,0x00000000fffff278,0x0000000100000000)
  to   space 66560K, 0% used [0x00000000f7e00000,0x00000000f7e00000,0x00000000fbf00000)
 ParOldGen       total 140288K, used 60696K [0x00000000c0000000, 0x00000000c8900000, 0x00000000eaa80000)
  object space 140288K, 43% used [0x00000000c0000000,0x00000000c3b460b0,0x00000000c8900000)
 PSPermGen       total 94208K, used 85162K [0x00000000b0000000, 0x00000000b5c00000, 0x00000000c0000000)
  object space 94208K, 90% used [0x00000000b0000000,0x00000000b532a8d0,0x00000000b5c00000)
Event: 1485.708 GC heap after
Heap after GC invocations=34 (full 5):
 PSYoungGen      total 273920K, used 56956K [0x00000000eaa80000, 0x0000000100000000, 0x0000000100000000)
  eden space 216576K, 0% used [0x00000000eaa80000,0x00000000eaa80000,0x00000000f7e00000)
  from space 57344K, 99% used [0x00000000f7e00000,0x00000000fb59f040,0x00000000fb600000)
  to   space 73728K, 0% used [0x00000000fb800000,0x00000000fb800000,0x0000000100000000)
 ParOldGen       total 140288K, used 60696K [0x00000000c0000000, 0x00000000c8900000, 0x00000000eaa80000)
  object space 140288K, 43% used [0x00000000c0000000,0x00000000c3b460b0,0x00000000c8900000)
 PSPermGen       total 94208K, used 85162K [0x00000000b0000000, 0x00000000b5c00000, 0x00000000c0000000)
  object space 94208K, 90% used [0x00000000b0000000,0x00000000b532a8d0,0x00000000b5c00000)
}
Event: 1485.708 GC heap before
{Heap before GC invocations=35 (full 6):
 PSYoungGen      total 273920K, used 56956K [0x00000000eaa80000, 0x0000000100000000, 0x0000000100000000)
  eden space 216576K, 0% used [0x00000000eaa80000,0x00000000eaa80000,0x00000000f7e00000)
  from space 57344K, 99% used [0x00000000f7e00000,0x00000000fb59f040,0x00000000fb600000)
  to   space 73728K, 0% used [0x00000000fb800000,0x00000000fb800000,0x0000000100000000)
 ParOldGen       total 140288K, used 60696K [0x00000000c0000000, 0x00000000c8900000, 0x00000000eaa80000)
  object space 140288K, 43% used [0x00000000c0000000,0x00000000c3b460b0,0x00000000c8900000)
 PSPermGen       total 94208K, used 85162K [0x00000000b0000000, 0x00000000b5c00000, 0x00000000c0000000)
  object space 94208K, 90% used [0x00000000b0000000,0x00000000b532a8d0,0x00000000b5c00000)
Event: 1486.510 GC heap after
Heap after GC invocations=35 (full 6):
 PSYoungGen      total 273920K, used 0K [0x00000000eaa80000, 0x0000000100000000, 0x0000000100000000)
  eden space 216576K, 0% used [0x00000000eaa80000,0x00000000eaa80000,0x00000000f7e00000)
  from space 57344K, 0% used [0x00000000f7e00000,0x00000000f7e00000,0x00000000fb600000)
  to   space 73728K, 0% used [0x00000000fb800000,0x00000000fb800000,0x0000000100000000)
 ParOldGen       total 140288K, used 85193K [0x00000000c0000000, 0x00000000c8900000, 0x00000000eaa80000)
  object space 140288K, 60% used [0x00000000c0000000,0x00000000c5332650,0x00000000c8900000)
 PSPermGen       total 125952K, used 85040K [0x00000000b0000000, 0x00000000b7b00000, 0x00000000c0000000)
  object space 125952K, 67% used [0x00000000b0000000,0x00000000b530c0c8,0x00000000b7b00000)
}
Event: 2321.829 GC heap before
{Heap before GC invocations=36 (full 6):
 PSYoungGen      total 273920K, used 216576K [0x00000000eaa80000, 0x0000000100000000, 0x0000000100000000)
  eden space 216576K, 100% used [0x00000000eaa80000,0x00000000f7e00000,0x00000000f7e00000)
  from space 57344K, 0% used [0x00000000f7e00000,0x00000000f7e00000,0x00000000fb600000)
  to   space 73728K, 0% used [0x00000000fb800000,0x00000000fb800000,0x0000000100000000)
 ParOldGen       total 140288K, used 85193K [0x00000000c0000000, 0x00000000c8900000, 0x00000000eaa80000)
  object space 140288K, 60% used [0x00000000c0000000,0x00000000c5332650,0x00000000c8900000)
 PSPermGen       total 125952K, used 85267K [0x00000000b0000000, 0x00000000b7b00000, 0x00000000c0000000)
  object space 125952K, 67% used [0x00000000b0000000,0x00000000b5344c88,0x00000000b7b00000)
Event: 2321.836 GC heap after
Heap after GC invocations=36 (full 6):
 PSYoungGen      total 274944K, used 2800K [0x00000000eaa80000, 0x0000000100000000, 0x0000000100000000)
  eden space 201216K, 0% used [0x00000000eaa80000,0x00000000eaa80000,0x00000000f6f00000)
  from space 73728K, 3% used [0x00000000fb800000,0x00000000fbabc010,0x0000000100000000)
  to   space 74240K, 0% used [0x00000000f6f00000,0x00000000f6f00000,0x00000000fb780000)
 ParOldGen       total 140288K, used 85193K [0x00000000c0000000, 0x00000000c8900000, 0x00000000eaa80000)
  object space 140288K, 60% used [0x00000000c0000000,0x00000000c5332650,0x00000000c8900000)
 PSPermGen       total 125952K, used 85267K [0x00000000b0000000, 0x00000000b7b00000, 0x00000000c0000000)
  object space 125952K, 67% used [0x00000000b0000000,0x00000000b5344c88,0x00000000b7b00000)
}
Event: 2323.350 GC heap before
{Heap before GC invocations=37 (full 6):
 PSYoungGen      total 274944K, used 204016K [0x00000000eaa80000, 0x0000000100000000, 0x0000000100000000)
  eden space 201216K, 100% used [0x00000000eaa80000,0x00000000f6f00000,0x00000000f6f00000)
  from space 73728K, 3% used [0x00000000fb800000,0x00000000fbabc010,0x0000000100000000)
  to   space 74240K, 0% used [0x00000000f6f00000,0x00000000f6f00000,0x00000000fb780000)
 ParOldGen       total 140288K, used 85193K [0x00000000c0000000, 0x00000000c8900000, 0x00000000eaa80000)
  object space 140288K, 60% used [0x00000000c0000000,0x00000000c5332650,0x00000000c8900000)
 PSPermGen       total 125952K, used 86430K [0x00000000b0000000, 0x00000000b7b00000, 0x00000000c0000000)
  object space 125952K, 68% used [0x00000000b0000000,0x00000000b5467938,0x00000000b7b00000)
Event: 2323.363 GC heap after
Heap after GC invocations=37 (full 6):
 PSYoungGen      total 210432K, used 8828K [0x00000000eaa80000, 0x00000000ffd80000, 0x0000000100000000)
  eden space 201216K, 0% used [0x00000000eaa80000,0x00000000eaa80000,0x00000000f6f00000)
  from space 9216K, 95% used [0x00000000f6f00000,0x00000000f779f278,0x00000000f7800000)
  to   space 72704K, 0% used [0x00000000fb680000,0x00000000fb680000,0x00000000ffd80000)
 ParOldGen       total 140288K, used 85193K [0x00000000c0000000, 0x00000000c8900000, 0x00000000eaa80000)
  object space 140288K, 60% used [0x00000000c0000000,0x00000000c5332650,0x00000000c8900000)
 PSPermGen       total 125952K, used 86430K [0x00000000b0000000, 0x00000000b7b00000, 0x00000000c0000000)
  object space 125952K, 68% used [0x00000000b0000000,0x00000000b5467938,0x00000000b7b00000)
}

