# JRE version: Java(TM) SE Runtime Environment (7.0_71-b14) (build 1.7.0_71-b14)
# Java VM: Java HotSpot(TM) 64-Bit Server VM (24.71-b01 mixed mode windows-amd64 compressed oops)
Heap
 PSYoungGen      total 111104K, used 58791K [0x00000000eaa80000, 0x00000000f6380000, 0x0000000100000000)
  eden space 102400K, 48% used [0x00000000eaa80000,0x00000000edb70bd8,0x00000000f0e80000)
  from space 8704K, 99% used [0x00000000f0e80000,0x00000000f16f9390,0x00000000f1700000)
  to   space 12800K, 0% used [0x00000000f5700000,0x00000000f5700000,0x00000000f6380000)
 ParOldGen       total 41984K, used 22321K [0x00000000c0000000, 0x00000000c2900000, 0x00000000eaa80000)
  object space 41984K, 53% used [0x00000000c0000000,0x00000000c15cc638,0x00000000c2900000)
 PSPermGen       total 38912K, used 38576K [0x00000000b0000000, 0x00000000b2600000, 0x00000000c0000000)
  object space 38912K, 99% used [0x00000000b0000000,0x00000000b25ac2d8,0x00000000b2600000)
GC Heap History (10 events):
Event: 6.665 GC heap before
{Heap before GC invocations=7 (full 0):
 PSYoungGen      total 39424K, used 37226K [0x00000000eaa80000, 0x00000000ed780000, 0x0000000100000000)
  eden space 32768K, 100% used [0x00000000eaa80000,0x00000000eca80000,0x00000000eca80000)
  from space 6656K, 66% used [0x00000000ed100000,0x00000000ed55a990,0x00000000ed780000)
  to   space 6656K, 0% used [0x00000000eca80000,0x00000000eca80000,0x00000000ed100000)
 ParOldGen       total 41984K, used 7787K [0x00000000c0000000, 0x00000000c2900000, 0x00000000eaa80000)
  object space 41984K, 18% used [0x00000000c0000000,0x00000000c079ad00,0x00000000c2900000)
 PSPermGen       total 21504K, used 20345K [0x00000000b0000000, 0x00000000b1500000, 0x00000000c0000000)
  object space 21504K, 94% used [0x00000000b0000000,0x00000000b13de560,0x00000000b1500000)
Event: 6.677 GC heap after
Heap after GC invocations=7 (full 0):
 PSYoungGen      total 39424K, used 4592K [0x00000000eaa80000, 0x00000000ef680000, 0x0000000100000000)
  eden space 32768K, 0% used [0x00000000eaa80000,0x00000000eaa80000,0x00000000eca80000)
  from space 6656K, 68% used [0x00000000eca80000,0x00000000ecefc0a8,0x00000000ed100000)
  to   space 6144K, 0% used [0x00000000ef080000,0x00000000ef080000,0x00000000ef680000)
 ParOldGen       total 41984K, used 8731K [0x00000000c0000000, 0x00000000c2900000, 0x00000000eaa80000)
  object space 41984K, 20% used [0x00000000c0000000,0x00000000c0886c50,0x00000000c2900000)
 PSPermGen       total 21504K, used 20345K [0x00000000b0000000, 0x00000000b1500000, 0x00000000c0000000)
  object space 21504K, 94% used [0x00000000b0000000,0x00000000b13de560,0x00000000b1500000)
}
Event: 6.839 GC heap before
{Heap before GC invocations=8 (full 0):
 PSYoungGen      total 39424K, used 37360K [0x00000000eaa80000, 0x00000000ef680000, 0x0000000100000000)
  eden space 32768K, 100% used [0x00000000eaa80000,0x00000000eca80000,0x00000000eca80000)
  from space 6656K, 68% used [0x00000000eca80000,0x00000000ecefc0a8,0x00000000ed100000)
  to   space 6144K, 0% used [0x00000000ef080000,0x00000000ef080000,0x00000000ef680000)
 ParOldGen       total 41984K, used 8731K [0x00000000c0000000, 0x00000000c2900000, 0x00000000eaa80000)
  object space 41984K, 20% used [0x00000000c0000000,0x00000000c0886c50,0x00000000c2900000)
 PSPermGen       total 21504K, used 20352K [0x00000000b0000000, 0x00000000b1500000, 0x00000000c0000000)
  object space 21504K, 94% used [0x00000000b0000000,0x00000000b13e00a8,0x00000000b1500000)
Event: 6.846 GC heap after
Heap after GC invocations=8 (full 0):
 PSYoungGen      total 71168K, used 2328K [0x00000000eaa80000, 0x00000000ef780000, 0x0000000100000000)
  eden space 65024K, 0% used [0x00000000eaa80000,0x00000000eaa80000,0x00000000eea00000)
  from space 6144K, 37% used [0x00000000ef080000,0x00000000ef2c60d0,0x00000000ef680000)
  to   space 6656K, 0% used [0x00000000eea00000,0x00000000eea00000,0x00000000ef080000)
 ParOldGen       total 41984K, used 9803K [0x00000000c0000000, 0x00000000c2900000, 0x00000000eaa80000)
  object space 41984K, 23% used [0x00000000c0000000,0x00000000c0992ce8,0x00000000c2900000)
 PSPermGen       total 21504K, used 20352K [0x00000000b0000000, 0x00000000b1500000, 0x00000000c0000000)
  object space 21504K, 94% used [0x00000000b0000000,0x00000000b13e00a8,0x00000000b1500000)
}
Event: 7.277 GC heap before
{Heap before GC invocations=9 (full 0):
 PSYoungGen      total 71168K, used 67352K [0x00000000eaa80000, 0x00000000ef780000, 0x0000000100000000)
  eden space 65024K, 100% used [0x00000000eaa80000,0x00000000eea00000,0x00000000eea00000)
  from space 6144K, 37% used [0x00000000ef080000,0x00000000ef2c60d0,0x00000000ef680000)
  to   space 6656K, 0% used [0x00000000eea00000,0x00000000eea00000,0x00000000ef080000)
 ParOldGen       total 41984K, used 9803K [0x00000000c0000000, 0x00000000c2900000, 0x00000000eaa80000)
  object space 41984K, 23% used [0x00000000c0000000,0x00000000c0992ce8,0x00000000c2900000)
 PSPermGen       total 21504K, used 20907K [0x00000000b0000000, 0x00000000b1500000, 0x00000000c0000000)
  object space 21504K, 97% used [0x00000000b0000000,0x00000000b146ae50,0x00000000b1500000)
Event: 7.284 GC heap after
Heap after GC invocations=9 (full 0):
 PSYoungGen      total 71680K, used 2414K [0x00000000eaa80000, 0x00000000f1d80000, 0x0000000100000000)
  eden space 65024K, 0% used [0x00000000eaa80000,0x00000000eaa80000,0x00000000eea00000)
  from space 6656K, 36% used [0x00000000eea00000,0x00000000eec5bbc0,0x00000000ef080000)
  to   space 6656K, 0% used [0x00000000f1700000,0x00000000f1700000,0x00000000f1d80000)
 ParOldGen       total 41984K, used 10767K [0x00000000c0000000, 0x00000000c2900000, 0x00000000eaa80000)
  object space 41984K, 25% used [0x00000000c0000000,0x00000000c0a83fd8,0x00000000c2900000)
 PSPermGen       total 21504K, used 20907K [0x00000000b0000000, 0x00000000b1500000, 0x00000000c0000000)
  object space 21504K, 97% used [0x00000000b0000000,0x00000000b146ae50,0x00000000b1500000)
}
Event: 9.696 GC heap before
{Heap before GC invocations=10 (full 0):
 PSYoungGen      total 71680K, used 67438K [0x00000000eaa80000, 0x00000000f1d80000, 0x0000000100000000)
  eden space 65024K, 100% used [0x00000000eaa80000,0x00000000eea00000,0x00000000eea00000)
  from space 6656K, 36% used [0x00000000eea00000,0x00000000eec5bbc0,0x00000000ef080000)
  to   space 6656K, 0% used [0x00000000f1700000,0x00000000f1700000,0x00000000f1d80000)
 ParOldGen       total 41984K, used 10767K [0x00000000c0000000, 0x00000000c2900000, 0x00000000eaa80000)
  object space 41984K, 25% used [0x00000000c0000000,0x00000000c0a83fd8,0x00000000c2900000)
 PSPermGen       total 27136K, used 26968K [0x00000000b0000000, 0x00000000b1a80000, 0x00000000c0000000)
  object space 27136K, 99% used [0x00000000b0000000,0x00000000b1a562f8,0x00000000b1a80000)
Event: 9.711 GC heap after
Heap after GC invocations=10 (full 0):
 PSYoungGen      total 109056K, used 6649K [0x00000000eaa80000, 0x00000000f2180000, 0x0000000100000000)
  eden space 102400K, 0% used [0x00000000eaa80000,0x00000000eaa80000,0x00000000f0e80000)
  from space 6656K, 99% used [0x00000000f1700000,0x00000000f1d7e480,0x00000000f1d80000)
  to   space 8704K, 0% used [0x00000000f0e80000,0x00000000f0e80000,0x00000000f1700000)
 ParOldGen       total 41984K, used 13959K [0x00000000c0000000, 0x00000000c2900000, 0x00000000eaa80000)
  object space 41984K, 33% used [0x00000000c0000000,0x00000000c0da1ca0,0x00000000c2900000)
 PSPermGen       total 27136K, used 26968K [0x00000000b0000000, 0x00000000b1a80000, 0x00000000c0000000)
  object space 27136K, 99% used [0x00000000b0000000,0x00000000b1a562f8,0x00000000b1a80000)
}
Event: 14.499 GC heap before
{Heap before GC invocations=11 (full 0):
 PSYoungGen      total 109056K, used 109049K [0x00000000eaa80000, 0x00000000f2180000, 0x0000000100000000)
  eden space 102400K, 100% used [0x00000000eaa80000,0x00000000f0e80000,0x00000000f0e80000)
  from space 6656K, 99% used [0x00000000f1700000,0x00000000f1d7e480,0x00000000f1d80000)
  to   space 8704K, 0% used [0x00000000f0e80000,0x00000000f0e80000,0x00000000f1700000)
 ParOldGen       total 41984K, used 13959K [0x00000000c0000000, 0x00000000c2900000, 0x00000000eaa80000)
  object space 41984K, 33% used [0x00000000c0000000,0x00000000c0da1ca0,0x00000000c2900000)
 PSPermGen       total 34816K, used 34557K [0x00000000b0000000, 0x00000000b2200000, 0x00000000c0000000)
  object space 34816K, 99% used [0x00000000b0000000,0x00000000b21bf538,0x00000000b2200000)
Event: 14.537 GC heap after
Heap after GC invocations=11 (full 0):
 PSYoungGen      total 111104K, used 8676K [0x00000000eaa80000, 0x00000000f6380000, 0x0000000100000000)
  eden space 102400K, 0% used [0x00000000eaa80000,0x00000000eaa80000,0x00000000f0e80000)
  from space 8704K, 99% used [0x00000000f0e80000,0x00000000f16f9390,0x00000000f1700000)
  to   space 12800K, 0% used [0x00000000f5700000,0x00000000f5700000,0x00000000f6380000)
 ParOldGen       total 41984K, used 22321K [0x00000000c0000000, 0x00000000c2900000, 0x00000000eaa80000)
  object space 41984K, 53% used [0x00000000c0000000,0x00000000c15cc638,0x00000000c2900000)
 PSPermGen       total 34816K, used 34557K [0x00000000b0000000, 0x00000000b2200000, 0x00000000c0000000)
  object space 34816K, 99% used [0x00000000b0000000,0x00000000b21bf538,0x00000000b2200000)
}

