# JRE version: Java(TM) SE Runtime Environment (7.0_71-b14) (build 1.7.0_71-b14)
# Java VM: Java HotSpot(TM) 64-Bit Server VM (24.71-b01 mixed mode windows-amd64 compressed oops)
Heap
 PSYoungGen      total 111104K, used 58814K [0x00000000eaa80000, 0x00000000f6380000, 0x0000000100000000)
  eden space 102400K, 48% used [0x00000000eaa80000,0x00000000edb72510,0x00000000f0e80000)
  from space 8704K, 99% used [0x00000000f0e80000,0x00000000f16fd580,0x00000000f1700000)
  to   space 12800K, 0% used [0x00000000f5700000,0x00000000f5700000,0x00000000f6380000)
 ParOldGen       total 41984K, used 22348K [0x00000000c0000000, 0x00000000c2900000, 0x00000000eaa80000)
  object space 41984K, 53% used [0x00000000c0000000,0x00000000c15d3058,0x00000000c2900000)
 PSPermGen       total 38912K, used 38582K [0x00000000b0000000, 0x00000000b2600000, 0x00000000c0000000)
  object space 38912K, 99% used [0x00000000b0000000,0x00000000b25ad858,0x00000000b2600000)
GC Heap History (10 events):
Event: 6.425 GC heap before
{Heap before GC invocations=7 (full 0):
 PSYoungGen      total 38400K, used 37215K [0x00000000eaa80000, 0x00000000ed680000, 0x0000000100000000)
  eden space 32768K, 100% used [0x00000000eaa80000,0x00000000eca80000,0x00000000eca80000)
  from space 5632K, 78% used [0x00000000ed100000,0x00000000ed557fc8,0x00000000ed680000)
  to   space 6144K, 0% used [0x00000000eca80000,0x00000000eca80000,0x00000000ed080000)
 ParOldGen       total 41984K, used 7969K [0x00000000c0000000, 0x00000000c2900000, 0x00000000eaa80000)
  object space 41984K, 18% used [0x00000000c0000000,0x00000000c07c8728,0x00000000c2900000)
 PSPermGen       total 21504K, used 20345K [0x00000000b0000000, 0x00000000b1500000, 0x00000000c0000000)
  object space 21504K, 94% used [0x00000000b0000000,0x00000000b13de518,0x00000000b1500000)
Event: 6.438 GC heap after
Heap after GC invocations=7 (full 0):
 PSYoungGen      total 38912K, used 4565K [0x00000000eaa80000, 0x00000000ef680000, 0x0000000100000000)
  eden space 32768K, 0% used [0x00000000eaa80000,0x00000000eaa80000,0x00000000eca80000)
  from space 6144K, 74% used [0x00000000eca80000,0x00000000ecef54b8,0x00000000ed080000)
  to   space 6144K, 0% used [0x00000000ef080000,0x00000000ef080000,0x00000000ef680000)
 ParOldGen       total 41984K, used 8949K [0x00000000c0000000, 0x00000000c2900000, 0x00000000eaa80000)
  object space 41984K, 21% used [0x00000000c0000000,0x00000000c08bd7d8,0x00000000c2900000)
 PSPermGen       total 21504K, used 20345K [0x00000000b0000000, 0x00000000b1500000, 0x00000000c0000000)
  object space 21504K, 94% used [0x00000000b0000000,0x00000000b13de518,0x00000000b1500000)
}
Event: 6.614 GC heap before
{Heap before GC invocations=8 (full 0):
 PSYoungGen      total 38912K, used 37333K [0x00000000eaa80000, 0x00000000ef680000, 0x0000000100000000)
  eden space 32768K, 100% used [0x00000000eaa80000,0x00000000eca80000,0x00000000eca80000)
  from space 6144K, 74% used [0x00000000eca80000,0x00000000ecef54b8,0x00000000ed080000)
  to   space 6144K, 0% used [0x00000000ef080000,0x00000000ef080000,0x00000000ef680000)
 ParOldGen       total 41984K, used 8949K [0x00000000c0000000, 0x00000000c2900000, 0x00000000eaa80000)
  object space 41984K, 21% used [0x00000000c0000000,0x00000000c08bd7d8,0x00000000c2900000)
 PSPermGen       total 21504K, used 20352K [0x00000000b0000000, 0x00000000b1500000, 0x00000000c0000000)
  object space 21504K, 94% used [0x00000000b0000000,0x00000000b13e0060,0x00000000b1500000)
Event: 6.621 GC heap after
Heap after GC invocations=8 (full 0):
 PSYoungGen      total 71168K, used 2344K [0x00000000eaa80000, 0x00000000ef780000, 0x0000000100000000)
  eden space 65024K, 0% used [0x00000000eaa80000,0x00000000eaa80000,0x00000000eea00000)
  from space 6144K, 38% used [0x00000000ef080000,0x00000000ef2ca0e0,0x00000000ef680000)
  to   space 6656K, 0% used [0x00000000eea00000,0x00000000eea00000,0x00000000ef080000)
 ParOldGen       total 41984K, used 9980K [0x00000000c0000000, 0x00000000c2900000, 0x00000000eaa80000)
  object space 41984K, 23% used [0x00000000c0000000,0x00000000c09bf060,0x00000000c2900000)
 PSPermGen       total 21504K, used 20352K [0x00000000b0000000, 0x00000000b1500000, 0x00000000c0000000)
  object space 21504K, 94% used [0x00000000b0000000,0x00000000b13e0060,0x00000000b1500000)
}
Event: 6.988 GC heap before
{Heap before GC invocations=9 (full 0):
 PSYoungGen      total 71168K, used 67368K [0x00000000eaa80000, 0x00000000ef780000, 0x0000000100000000)
  eden space 65024K, 100% used [0x00000000eaa80000,0x00000000eea00000,0x00000000eea00000)
  from space 6144K, 38% used [0x00000000ef080000,0x00000000ef2ca0e0,0x00000000ef680000)
  to   space 6656K, 0% used [0x00000000eea00000,0x00000000eea00000,0x00000000ef080000)
 ParOldGen       total 41984K, used 9980K [0x00000000c0000000, 0x00000000c2900000, 0x00000000eaa80000)
  object space 41984K, 23% used [0x00000000c0000000,0x00000000c09bf060,0x00000000c2900000)
 PSPermGen       total 21504K, used 20888K [0x00000000b0000000, 0x00000000b1500000, 0x00000000c0000000)
  object space 21504K, 97% used [0x00000000b0000000,0x00000000b1466158,0x00000000b1500000)
Event: 6.994 GC heap after
Heap after GC invocations=9 (full 0):
 PSYoungGen      total 71680K, used 2434K [0x00000000eaa80000, 0x00000000f1d80000, 0x0000000100000000)
  eden space 65024K, 0% used [0x00000000eaa80000,0x00000000eaa80000,0x00000000eea00000)
  from space 6656K, 36% used [0x00000000eea00000,0x00000000eec60a90,0x00000000ef080000)
  to   space 6656K, 0% used [0x00000000f1700000,0x00000000f1700000,0x00000000f1d80000)
 ParOldGen       total 41984K, used 10968K [0x00000000c0000000, 0x00000000c2900000, 0x00000000eaa80000)
  object space 41984K, 26% used [0x00000000c0000000,0x00000000c0ab6070,0x00000000c2900000)
 PSPermGen       total 21504K, used 20888K [0x00000000b0000000, 0x00000000b1500000, 0x00000000c0000000)
  object space 21504K, 97% used [0x00000000b0000000,0x00000000b1466158,0x00000000b1500000)
}
Event: 8.128 GC heap before
{Heap before GC invocations=10 (full 0):
 PSYoungGen      total 71680K, used 67458K [0x00000000eaa80000, 0x00000000f1d80000, 0x0000000100000000)
  eden space 65024K, 100% used [0x00000000eaa80000,0x00000000eea00000,0x00000000eea00000)
  from space 6656K, 36% used [0x00000000eea00000,0x00000000eec60a90,0x00000000ef080000)
  to   space 6656K, 0% used [0x00000000f1700000,0x00000000f1700000,0x00000000f1d80000)
 ParOldGen       total 41984K, used 10968K [0x00000000c0000000, 0x00000000c2900000, 0x00000000eaa80000)
  object space 41984K, 26% used [0x00000000c0000000,0x00000000c0ab6070,0x00000000c2900000)
 PSPermGen       total 27136K, used 26960K [0x00000000b0000000, 0x00000000b1a80000, 0x00000000c0000000)
  object space 27136K, 99% used [0x00000000b0000000,0x00000000b1a54168,0x00000000b1a80000)
Event: 8.150 GC heap after
Heap after GC invocations=10 (full 0):
 PSYoungGen      total 109056K, used 6650K [0x00000000eaa80000, 0x00000000f2180000, 0x0000000100000000)
  eden space 102400K, 0% used [0x00000000eaa80000,0x00000000eaa80000,0x00000000f0e80000)
  from space 6656K, 99% used [0x00000000f1700000,0x00000000f1d7e898,0x00000000f1d80000)
  to   space 8704K, 0% used [0x00000000f0e80000,0x00000000f0e80000,0x00000000f1700000)
 ParOldGen       total 41984K, used 14149K [0x00000000c0000000, 0x00000000c2900000, 0x00000000eaa80000)
  object space 41984K, 33% used [0x00000000c0000000,0x00000000c0dd1708,0x00000000c2900000)
 PSPermGen       total 27136K, used 26960K [0x00000000b0000000, 0x00000000b1a80000, 0x00000000c0000000)
  object space 27136K, 99% used [0x00000000b0000000,0x00000000b1a54168,0x00000000b1a80000)
}
Event: 10.805 GC heap before
{Heap before GC invocations=11 (full 0):
 PSYoungGen      total 109056K, used 109050K [0x00000000eaa80000, 0x00000000f2180000, 0x0000000100000000)
  eden space 102400K, 100% used [0x00000000eaa80000,0x00000000f0e80000,0x00000000f0e80000)
  from space 6656K, 99% used [0x00000000f1700000,0x00000000f1d7e898,0x00000000f1d80000)
  to   space 8704K, 0% used [0x00000000f0e80000,0x00000000f0e80000,0x00000000f1700000)
 ParOldGen       total 41984K, used 14149K [0x00000000c0000000, 0x00000000c2900000, 0x00000000eaa80000)
  object space 41984K, 33% used [0x00000000c0000000,0x00000000c0dd1708,0x00000000c2900000)
 PSPermGen       total 34816K, used 34563K [0x00000000b0000000, 0x00000000b2200000, 0x00000000c0000000)
  object space 34816K, 99% used [0x00000000b0000000,0x00000000b21c0f80,0x00000000b2200000)
Event: 10.860 GC heap after
Heap after GC invocations=11 (full 0):
 PSYoungGen      total 111104K, used 8693K [0x00000000eaa80000, 0x00000000f6380000, 0x0000000100000000)
  eden space 102400K, 0% used [0x00000000eaa80000,0x00000000eaa80000,0x00000000f0e80000)
  from space 8704K, 99% used [0x00000000f0e80000,0x00000000f16fd580,0x00000000f1700000)
  to   space 12800K, 0% used [0x00000000f5700000,0x00000000f5700000,0x00000000f6380000)
 ParOldGen       total 41984K, used 22348K [0x00000000c0000000, 0x00000000c2900000, 0x00000000eaa80000)
  object space 41984K, 53% used [0x00000000c0000000,0x00000000c15d3058,0x00000000c2900000)
 PSPermGen       total 34816K, used 34563K [0x00000000b0000000, 0x00000000b2200000, 0x00000000c0000000)
  object space 34816K, 99% used [0x00000000b0000000,0x00000000b21c0f80,0x00000000b2200000)
}

